Source/Library/RegistrationSampleApp/build/outputs/logs/manifest-merger-device-debug-report.txt
-- Merging decision tree log ---
manifest
ADDED from src\main\AndroidManifest.xml:2:1-29:12
	xmlns:android
		ADDED from src\main\AndroidManifest.xml:2:11-69
	package
		ADDED from src\main\AndroidManifest.xml:3:5-46
		INJECTED from src\main\AndroidManifest.xml
		INJECTED from src\main\AndroidManifest.xml
	android:versionName
		ADDED from src\main\AndroidManifest.xml:5:5-32
		INJECTED from src\main\AndroidManifest.xml
		INJECTED from src\main\AndroidManifest.xml
	android:versionCode
		ADDED from src\main\AndroidManifest.xml:4:5-28
		INJECTED from src\main\AndroidManifest.xml
		INJECTED from src\main\AndroidManifest.xml
uses-sdk
ADDED from src\main\AndroidManifest.xml:7:5-9:41
MERGED from [com.philips.cdp:Tagging:1.0.0] AndroidManifest.xml:6:5-8:40
MERGED from [com.philips.cdp:localeMatch:1.1.0] AndroidManifest.xml:7:5-9:40
MERGED from [com.philips.cdp:registrationApi:4.1.0-SNAPSHOT] AndroidManifest.xml:8:5-10:41
MERGED from [com.philips.cdp:jump:5.0.1] AndroidManifest.xml:6:5-8:41
MERGED from [com.philips.cdp:localeMatch:1.1.0] AndroidManifest.xml:7:5-9:40
MERGED from [com.android.support:appcompat-v7:23.1.1] AndroidManifest.xml:20:5-43
MERGED from [com.android.support:support-v4:23.1.1] AndroidManifest.xml:20:5-43
MERGED from [com.philips.cdp:servertime:1.0.0] AndroidManifest.xml:7:5-9:41
MERGED from [com.android.support:appcompat-v7:23.1.1] AndroidManifest.xml:20:5-43
MERGED from [com.android.support:support-v4:23.1.1] AndroidManifest.xml:20:5-43
MERGED from [com.philips.cdp:localeMatch:1.1.0] AndroidManifest.xml:7:5-9:40
MERGED from [com.philips.cdp:hsdp:1.0.2] AndroidManifest.xml:7:5-9:41
MERGED from [com.philips.cdp:servertime:1.0.0] AndroidManifest.xml:7:5-9:41
MERGED from [com.android.support:appcompat-v7:23.1.1] AndroidManifest.xml:20:5-43
MERGED from [com.android.support:support-v4:23.1.1] AndroidManifest.xml:20:5-43
MERGED from [com.philips.cdp:Tagging:1.0.0] AndroidManifest.xml:6:5-8:40
	android:targetSdkVersion
		ADDED from src\main\AndroidManifest.xml:9:9-38
		INJECTED from src\main\AndroidManifest.xml
		INJECTED from src\main\AndroidManifest.xml
	android:minSdkVersion
		ADDED from src\main\AndroidManifest.xml:8:9-35
		INJECTED from src\main\AndroidManifest.xml
		INJECTED from src\main\AndroidManifest.xml
application
ADDED from src\main\AndroidManifest.xml:11:5-27:19
MERGED from [com.philips.cdp:Tagging:1.0.0] AndroidManifest.xml:10:5-13:19
MERGED from [com.philips.cdp:registrationApi:4.1.0-SNAPSHOT] AndroidManifest.xml:22:5-53:19
MERGED from [com.android.support:appcompat-v7:23.1.1] AndroidManifest.xml:22:5-20
MERGED from [com.android.support:support-v4:23.1.1] AndroidManifest.xml:22:5-20
MERGED from [com.philips.cdp:servertime:1.0.0] AndroidManifest.xml:11:5-20:19
MERGED from [com.android.support:appcompat-v7:23.1.1] AndroidManifest.xml:22:5-20
MERGED from [com.android.support:support-v4:23.1.1] AndroidManifest.xml:22:5-20
MERGED from [com.philips.cdp:servertime:1.0.0] AndroidManifest.xml:11:5-20:19
MERGED from [com.android.support:appcompat-v7:23.1.1] AndroidManifest.xml:22:5-20
MERGED from [com.android.support:support-v4:23.1.1] AndroidManifest.xml:22:5-20
MERGED from [com.philips.cdp:Tagging:1.0.0] AndroidManifest.xml:10:5-13:19
	android:label
		ADDED from src\main\AndroidManifest.xml:15:9-41
	android:allowBackup
		ADDED from src\main\AndroidManifest.xml:13:9-35
	android:icon
		ADDED from src\main\AndroidManifest.xml:14:9-43
	android:theme
		ADDED from src\main\AndroidManifest.xml:16:9-40
	android:name
		ADDED from src\main\AndroidManifest.xml:12:9-79
activity#com.philips.cl.di.regsample.app.RegistrationSampleActivity
ADDED from src\main\AndroidManifest.xml:17:9-26:20
	android:label
		ADDED from src\main\AndroidManifest.xml:21:13-45
	android:configChanges
		ADDED from src\main\AndroidManifest.xml:19:13-59
	android:exported
		ADDED from src\main\AndroidManifest.xml:20:13-36
	android:name
		ADDED from src\main\AndroidManifest.xml:18:13-86
intent-filter#android.intent.action.MAIN+android.intent.category.LAUNCHER
ADDED from src\main\AndroidManifest.xml:22:13-25:29
action#android.intent.action.MAIN
ADDED from src\main\AndroidManifest.xml:23:17-69
	android:name
		ADDED from src\main\AndroidManifest.xml:23:25-66
category#android.intent.category.LAUNCHER
ADDED from src\main\AndroidManifest.xml:24:5-65
	android:name
		ADDED from src\main\AndroidManifest.xml:24:15-62
uses-permission#android.permission.WRITE_EXTERNAL_STORAGE
ADDED from [com.philips.cdp:localeMatch:1.1.0] AndroidManifest.xml:11:5-81
MERGED from [com.philips.cdp:registrationApi:4.1.0-SNAPSHOT] AndroidManifest.xml:14:5-81
MERGED from [com.philips.cdp:localeMatch:1.1.0] AndroidManifest.xml:11:5-81
MERGED from [com.philips.cdp:localeMatch:1.1.0] AndroidManifest.xml:11:5-81
MERGED from [com.philips.cdp:hsdp:1.0.2] AndroidManifest.xml:11:5-81
	android:name
		ADDED from [com.philips.cdp:localeMatch:1.1.0] AndroidManifest.xml:11:22-78
uses-permission#android.permission.READ_EXTERNAL_STORAGE
ADDED from [com.philips.cdp:localeMatch:1.1.0] AndroidManifest.xml:12:5-80
MERGED from [com.philips.cdp:localeMatch:1.1.0] AndroidManifest.xml:12:5-80
MERGED from [com.philips.cdp:localeMatch:1.1.0] AndroidManifest.xml:12:5-80
MERGED from [com.philips.cdp:hsdp:1.0.2] AndroidManifest.xml:12:5-80
	android:name
		ADDED from [com.philips.cdp:localeMatch:1.1.0] AndroidManifest.xml:12:22-77
android:uses-permission#android.permission.READ_EXTERNAL_STORAGE
IMPLIED from src\main\AndroidManifest.xml:2:1-29:12 reason: com.philips.cdp.localematch requested WRITE_EXTERNAL_STORAGE
uses-permission#android.permission.INTERNET
ADDED from [com.philips.cdp:registrationApi:4.1.0-SNAPSHOT] AndroidManifest.xml:13:5-67
MERGED from [com.philips.cdp:jump:5.0.1] AndroidManifest.xml:22:5-67
MERGED from [com.philips.cdp:hsdp:1.0.2] AndroidManifest.xml:13:5-67
	android:name
		ADDED from [com.philips.cdp:registrationApi:4.1.0-SNAPSHOT] AndroidManifest.xml:13:22-64
uses-permission#android.permission.ACCESS_NETWORK_STATE
ADDED from [com.philips.cdp:registrationApi:4.1.0-SNAPSHOT] AndroidManifest.xml:15:5-79
	android:name
		ADDED from [com.philips.cdp:registrationApi:4.1.0-SNAPSHOT] AndroidManifest.xml:15:22-76
uses-permission#android.permission.GET_TASKS
ADDED from [com.philips.cdp:registrationApi:4.1.0-SNAPSHOT] AndroidManifest.xml:16:5-68
	android:name
		ADDED from [com.philips.cdp:registrationApi:4.1.0-SNAPSHOT] AndroidManifest.xml:16:22-65
uses-permission#android.permission.GET_ACCOUNTS
ADDED from [com.philips.cdp:registrationApi:4.1.0-SNAPSHOT] AndroidManifest.xml:17:5-71
	android:name
		ADDED from [com.philips.cdp:registrationApi:4.1.0-SNAPSHOT] AndroidManifest.xml:17:22-68
uses-permission#com.android.vending.CHECK_LICENSE
ADDED from [com.philips.cdp:registrationApi:4.1.0-SNAPSHOT] AndroidManifest.xml:18:5-73
	android:name
		ADDED from [com.philips.cdp:registrationApi:4.1.0-SNAPSHOT] AndroidManifest.xml:18:22-70
uses-permission#android.permission.WAKE_LOCK
ADDED from [com.philips.cdp:registrationApi:4.1.0-SNAPSHOT] AndroidManifest.xml:19:5-68
	android:name
		ADDED from [com.philips.cdp:registrationApi:4.1.0-SNAPSHOT] AndroidManifest.xml:19:22-65
uses-permission#android.permission.ACCESS_WIFI_STATE
ADDED from [com.philips.cdp:registrationApi:4.1.0-SNAPSHOT] AndroidManifest.xml:20:5-76
	android:name
		ADDED from [com.philips.cdp:registrationApi:4.1.0-SNAPSHOT] AndroidManifest.xml:20:22-73
activity#com.philips.cdp.registration.ui.traditional.RegistrationActivity
ADDED from [com.philips.cdp:registrationApi:4.1.0-SNAPSHOT] AndroidManifest.xml:25:9-27:62
	android:configChanges
		ADDED from [com.philips.cdp:registrationApi:4.1.0-SNAPSHOT] AndroidManifest.xml:27:13-59
	android:name
		ADDED from [com.philips.cdp:registrationApi:4.1.0-SNAPSHOT] AndroidManifest.xml:26:13-92
activity#com.janrain.android.engage.ui.JRFragmentHostActivity
ADDED from [com.philips.cdp:registrationApi:4.1.0-SNAPSHOT] AndroidManifest.xml:30:9-34:70
	android:windowSoftInputMode
		ADDED from [com.philips.cdp:registrationApi:4.1.0-SNAPSHOT] AndroidManifest.xml:34:13-67
	android:configChanges
		ADDED from [com.philips.cdp:registrationApi:4.1.0-SNAPSHOT] AndroidManifest.xml:32:13-107
	android:theme
		ADDED from [com.philips.cdp:registrationApi:4.1.0-SNAPSHOT] AndroidManifest.xml:33:13-62
	android:name
		ADDED from [com.philips.cdp:registrationApi:4.1.0-SNAPSHOT] AndroidManifest.xml:31:13-80
activity#com.janrain.android.engage.ui.JRFragmentHostActivity$Fullscreen
ADDED from [com.philips.cdp:registrationApi:4.1.0-SNAPSHOT] AndroidManifest.xml:35:9-39:70
	android:windowSoftInputMode
		ADDED from [com.philips.cdp:registrationApi:4.1.0-SNAPSHOT] AndroidManifest.xml:39:13-67
	android:configChanges
		ADDED from [com.philips.cdp:registrationApi:4.1.0-SNAPSHOT] AndroidManifest.xml:37:13-107
	android:theme
		ADDED from [com.philips.cdp:registrationApi:4.1.0-SNAPSHOT] AndroidManifest.xml:38:13-49
	android:name
		ADDED from [com.philips.cdp:registrationApi:4.1.0-SNAPSHOT] AndroidManifest.xml:36:13-91
receiver#com.philips.cdp.registration.ui.utils.NetworkUtility$NetworkStateReceiver
ADDED from [com.philips.cdp:registrationApi:4.1.0-SNAPSHOT] AndroidManifest.xml:45:9-49:20
	android:name
		ADDED from [com.philips.cdp:registrationApi:4.1.0-SNAPSHOT] AndroidManifest.xml:45:19-107
intent-filter#android.net.conn.CONNECTIVITY_CHANGE
ADDED from [com.philips.cdp:registrationApi:4.1.0-SNAPSHOT] AndroidManifest.xml:46:13-48:29
action#android.net.conn.CONNECTIVITY_CHANGE
ADDED from [com.philips.cdp:registrationApi:4.1.0-SNAPSHOT] AndroidManifest.xml:47:17-79
	android:name
		ADDED from [com.philips.cdp:registrationApi:4.1.0-SNAPSHOT] AndroidManifest.xml:47:25-76
receiver#com.philips.cdp.recievers.DateTimeChangedReceiver
ADDED from [com.philips.cdp:servertime:1.0.0] AndroidManifest.xml:14:9-19:20
MERGED from [com.philips.cdp:servertime:1.0.0] AndroidManifest.xml:14:9-19:20
	android:name
		ADDED from [com.philips.cdp:servertime:1.0.0] AndroidManifest.xml:14:19-83
intent-filter#android.intent.action.DATE_CHANGED+android.intent.action.TIME_SET
ADDED from [com.philips.cdp:servertime:1.0.0] AndroidManifest.xml:15:13-18:29
	android:priority
		ADDED from [com.philips.cdp:servertime:1.0.0] AndroidManifest.xml:15:28-50
action#android.intent.action.DATE_CHANGED
ADDED from [com.philips.cdp:servertime:1.0.0] AndroidManifest.xml:16:17-77
	android:name
		ADDED from [com.philips.cdp:servertime:1.0.0] AndroidManifest.xml:16:25-74
action#android.intent.action.TIME_SET
ADDED from [com.philips.cdp:servertime:1.0.0] AndroidManifest.xml:17:17-73
	android:name
		ADDED from [com.philips.cdp:servertime:1.0.0] AndroidManifest.xml:17:25-70